\BOOKMARK [0][]{chapter*.1}{Abstract}{}% 1
\BOOKMARK [0][]{chapter*.4}{INTRODUCTION}{}% 2
\BOOKMARK [1][-]{figure.caption.6}{The Glasswear}{chapter*.4}% 3
\BOOKMARK [1][-]{figure.caption.10}{The Board}{chapter*.4}% 4
\BOOKMARK [1][-]{figure.caption.11}{Video Storing}{chapter*.4}% 5
\BOOKMARK [-1][]{part.1}{Hardware}{}% 6
\BOOKMARK [0][]{chapter.1}{1 Conditioning Circuit and Electrovalves Drivers}{part.1}% 7
\BOOKMARK [1][-]{section.1.1}{1.1 PH Conditioning}{chapter.1}% 8
\BOOKMARK [2][-]{subsection.1.1.1}{1.1.1 The Sensor}{section.1.1}% 9
\BOOKMARK [2][-]{subsection.1.1.2}{1.1.2 The Circuit}{section.1.1}% 10
\BOOKMARK [1][-]{section.1.2}{1.2 Temperature Conditioning}{chapter.1}% 11
\BOOKMARK [2][-]{subsection.1.2.1}{1.2.1 The Sensor}{section.1.2}% 12
\BOOKMARK [2][-]{subsection.1.2.2}{1.2.2 The Circuit}{section.1.2}% 13
\BOOKMARK [1][-]{section.1.3}{1.3 Electrovalves Driver}{chapter.1}% 14
\BOOKMARK [1][-]{section.1.4}{1.4 DC-DC Converter}{chapter.1}% 15
\BOOKMARK [2][-]{subsection.1.4.1}{1.4.1 Components Choice}{section.1.4}% 16
\BOOKMARK [2][-]{subsection.1.4.2}{1.4.2 Relay}{section.1.4}% 17
\BOOKMARK [0][]{chapter.2}{2 PCB}{part.1}% 18
\BOOKMARK [-1][]{part.2}{Firmware}{}% 19
\BOOKMARK [0][]{chapter.3}{3 Introduction}{part.2}% 20
\BOOKMARK [0][]{chapter.4}{4 Embedded Linux}{part.2}% 21
\BOOKMARK [-1][]{part.3}{Software}{}% 22
\BOOKMARK [0][]{chapter.5}{5 Google App Engine}{part.3}% 23
\BOOKMARK [0][]{chapter.6}{6 Microscope Video Storing}{part.3}% 24
\BOOKMARK [-1][]{part.4}{Google Glass Application}{}% 25
\BOOKMARK [0][]{chapter.7}{7 Introduction}{part.4}% 26
\BOOKMARK [1][-]{section.7.1}{7.1 Firmware}{chapter.7}% 27
\BOOKMARK [1][-]{section.7.2}{7.2 Video Storing Software}{chapter.7}% 28
\BOOKMARK [1][-]{section.7.3}{7.3 Google App Engine}{chapter.7}% 29
\BOOKMARK [1][-]{section.7.4}{7.4 Glassware}{chapter.7}% 30
\BOOKMARK [-1][]{part.5}{Conclusion and Appendix}{}% 31
\BOOKMARK [0][]{chapter.8}{8 Test and performance}{part.5}% 32
\BOOKMARK [0][]{appendix.A}{A Code}{part.5}% 33
\BOOKMARK [1][-]{section.A.1}{A.1 Firmware}{appendix.A}% 34
\BOOKMARK [1][-]{section.A.2}{A.2 Video Storing Software}{appendix.A}% 35
\BOOKMARK [1][-]{section.A.3}{A.3 Google App Engine}{appendix.A}% 36
\BOOKMARK [1][-]{section.A.4}{A.4 Glassware}{appendix.A}% 37
